{"src/main.js":{"path":"src/main.js","s":{"1":1,"2":1,"3":1,"4":1,"5":1,"6":1,"7":18,"8":18,"9":1,"10":15,"11":12,"12":12,"13":12,"14":12,"15":18,"16":1,"17":19,"18":19,"19":15,"20":15,"21":4,"22":2,"23":2,"24":1,"25":2,"26":17,"27":17},"b":{"1":[12,3],"2":[15,4],"3":[19,16],"4":[2,2]},"f":{"1":18,"2":18,"3":15,"4":18,"5":19},"fnMap":{"1":{"name":"(anonymous_1)","line":11,"loc":{"start":{"line":11,"column":16},"end":{"line":11,"column":35}}},"2":{"name":"(anonymous_2)","line":12,"loc":{"start":{"line":12,"column":8},"end":{"line":12,"column":41}}},"3":{"name":"(anonymous_3)","line":17,"loc":{"start":{"line":17,"column":16},"end":{"line":17,"column":39}}},"4":{"name":"(anonymous_4)","line":23,"loc":{"start":{"line":23,"column":18},"end":{"line":23,"column":36}}},"5":{"name":"annotate","line":30,"loc":{"start":{"line":30,"column":17},"end":{"line":30,"column":39}}}},"statementMap":{"1":{"start":{"line":3,"column":0},"end":{"line":4,"column":23}},"2":{"start":{"line":6,"column":0},"end":{"line":6,"column":51}},"3":{"start":{"line":7,"column":0},"end":{"line":7,"column":23}},"4":{"start":{"line":8,"column":0},"end":{"line":8,"column":36}},"5":{"start":{"line":9,"column":0},"end":{"line":9,"column":56}},"6":{"start":{"line":11,"column":0},"end":{"line":15,"column":2}},"7":{"start":{"line":12,"column":1},"end":{"line":14,"column":3}},"8":{"start":{"line":13,"column":2},"end":{"line":13,"column":21}},"9":{"start":{"line":17,"column":0},"end":{"line":27,"column":2}},"10":{"start":{"line":19,"column":1},"end":{"line":26,"column":2}},"11":{"start":{"line":20,"column":2},"end":{"line":20,"column":57}},"12":{"start":{"line":21,"column":2},"end":{"line":21,"column":38}},"13":{"start":{"line":22,"column":2},"end":{"line":22,"column":44}},"14":{"start":{"line":23,"column":2},"end":{"line":25,"column":5}},"15":{"start":{"line":24,"column":3},"end":{"line":24,"column":43}},"16":{"start":{"line":30,"column":0},"end":{"line":49,"column":2}},"17":{"start":{"line":31,"column":1},"end":{"line":31,"column":26}},"18":{"start":{"line":33,"column":1},"end":{"line":45,"column":2}},"19":{"start":{"line":35,"column":2},"end":{"line":35,"column":15}},"20":{"start":{"line":36,"column":2},"end":{"line":36,"column":25}},"21":{"start":{"line":37,"column":8},"end":{"line":45,"column":2}},"22":{"start":{"line":39,"column":2},"end":{"line":39,"column":27}},"23":{"start":{"line":40,"column":2},"end":{"line":40,"column":37}},"24":{"start":{"line":41,"column":2},"end":{"line":41,"column":30}},"25":{"start":{"line":44,"column":2},"end":{"line":44,"column":37}},"26":{"start":{"line":47,"column":1},"end":{"line":47,"column":22}},"27":{"start":{"line":48,"column":1},"end":{"line":48,"column":16}}},"branchMap":{"1":{"line":19,"type":"if","locations":[{"start":{"line":19,"column":1},"end":{"line":19,"column":1}},{"start":{"line":19,"column":1},"end":{"line":19,"column":1}}]},"2":{"line":33,"type":"if","locations":[{"start":{"line":33,"column":1},"end":{"line":33,"column":1}},{"start":{"line":33,"column":1},"end":{"line":33,"column":1}}]},"3":{"line":33,"type":"binary-expr","locations":[{"start":{"line":33,"column":5},"end":{"line":33,"column":29}},{"start":{"line":33,"column":33},"end":{"line":33,"column":44}}]},"4":{"line":37,"type":"if","locations":[{"start":{"line":37,"column":8},"end":{"line":37,"column":8}},{"start":{"line":37,"column":8},"end":{"line":37,"column":8}}]}}}}