TN:
SF:src/main.js
FN:11,(anonymous_1)
FN:12,(anonymous_2)
FN:17,(anonymous_3)
FN:23,(anonymous_4)
FN:30,annotate
FNF:5
FNH:5
FNDA:18,(anonymous_1)
FNDA:18,(anonymous_2)
FNDA:15,(anonymous_3)
FNDA:18,(anonymous_4)
FNDA:19,annotate
DA:3,1
DA:6,1
DA:7,1
DA:8,1
DA:9,1
DA:11,1
DA:12,18
DA:13,18
DA:17,1
DA:19,15
DA:20,12
DA:21,12
DA:22,12
DA:23,12
DA:24,18
DA:30,1
DA:31,19
DA:33,19
DA:35,15
DA:36,15
DA:37,4
DA:39,2
DA:40,2
DA:41,1
DA:44,2
DA:47,17
DA:48,17
LF:27
LH:27
BRDA:19,1,0,12
BRDA:19,1,1,3
BRDA:33,2,0,15
BRDA:33,2,1,4
BRDA:33,3,0,19
BRDA:33,3,1,16
BRDA:37,4,0,2
BRDA:37,4,1,2
BRF:8
BRH:8
end_of_record
